# JRE version: OpenJDK Runtime Environment Microsoft-8035250 (11.0.20+8) (build 11.0.20+8-LTS)
# Java VM: OpenJDK 64-Bit Server VM Microsoft-8035250 (11.0.20+8-LTS, mixed mode, tiered, compressed oops, g1 gc, windows-amd64)
Heap:
 garbage-first heap   total 63488K, used 35695K [0x0000000080000000, 0x0000000100000000)
  region size 1024K, 25 young (25600K), 5 survivors (5120K)
 Metaspace       used 19046K, capacity 19472K, committed 19584K, reserved 538624K
  class space    used 2189K, capacity 2342K, committed 2432K, reserved 516096K
GC Heap History (6 events):
Event: 0.736 GC heap before
{Heap before GC invocations=0 (full 0):
 garbage-first heap   total 63488K, used 13312K [0x0000000080000000, 0x0000000100000000)
  region size 1024K, 14 young (14336K), 0 survivors (0K)
 Metaspace       used 6831K, capacity 7065K, committed 7424K, reserved 524288K
  class space    used 576K, capacity 650K, committed 768K, reserved 516096K
}
Event: 0.748 GC heap after
{Heap after GC invocations=1 (full 0):
 garbage-first heap   total 63488K, used 3837K [0x0000000080000000, 0x0000000100000000)
  region size 1024K, 2 young (2048K), 2 survivors (2048K)
 Metaspace       used 6831K, capacity 7065K, committed 7424K, reserved 524288K
  class space    used 576K, capacity 650K, committed 768K, reserved 516096K
}
Event: 2.468 GC heap before
{Heap before GC invocations=1 (full 0):
 garbage-first heap   total 63488K, used 42749K [0x0000000080000000, 0x0000000100000000)
  region size 1024K, 37 young (37888K), 2 survivors (2048K)
 Metaspace       used 11326K, capacity 11585K, committed 11776K, reserved 528384K
  class space    used 1153K, capacity 1244K, committed 1280K, reserved 516096K
}
Event: 2.477 GC heap after
{Heap after GC invocations=2 (full 0):
 garbage-first heap   total 63488K, used 11195K [0x0000000080000000, 0x0000000100000000)
  region size 1024K, 5 young (5120K), 5 survivors (5120K)
 Metaspace       used 11326K, capacity 11585K, committed 11776K, reserved 528384K
  class space    used 1153K, capacity 1244K, committed 1280K, reserved 516096K
}
Event: 3.755 GC heap before
{Heap before GC invocations=2 (full 0):
 garbage-first heap   total 63488K, used 42939K [0x0000000080000000, 0x0000000100000000)
  region size 1024K, 35 young (35840K), 5 survivors (5120K)
 Metaspace       used 14179K, capacity 14483K, committed 14720K, reserved 530432K
  class space    used 1552K, capacity 1657K, committed 1664K, reserved 516096K
}
Event: 3.787 GC heap after
{Heap after GC invocations=3 (full 0):
 garbage-first heap   total 63488K, used 16239K [0x0000000080000000, 0x0000000100000000)
  region size 1024K, 5 young (5120K), 5 survivors (5120K)
 Metaspace       used 14179K, capacity 14483K, committed 14720K, reserved 530432K
  class space    used 1552K, capacity 1657K, committed 1664K, reserved 516096K
}

